{
  "stats": {
    "suites": 26,
    "tests": 77,
    "passes": 67,
    "pending": 0,
    "failures": 10,
    "start": "2021-05-06T12:34:37.339Z",
    "end": "2021-05-06T12:43:55.279Z",
    "duration": 342621,
    "testsRegistered": 77,
    "passPercent": 87.01298701298701,
    "pendingPercent": 0,
    "other": 0,
    "hasOther": false,
    "skipped": 0,
    "hasSkipped": false
  },
  "results": [
    {
      "uuid": "b265c19c-d0a7-4fef-8b26-643da26dd0dd",
      "title": "",
      "fullFile": "cypress/integration/automationTeststore/alias-invoke.js",
      "file": "cypress/integration/automationTeststore/alias-invoke.js",
      "beforeHooks": [],
      "afterHooks": [],
      "tests": [],
      "suites": [
        {
          "uuid": "03a410d0-2273-4572-85d4-d798206638cc",
          "title": "Alias and invoke",
          "fullFile": "",
          "file": "",
          "beforeHooks": [],
          "afterHooks": [],
          "tests": [
            {
              "title": "Calculate total of normal and sell products",
              "fullTitle": "Alias and invoke Calculate total of normal and sell products",
              "timedOut": null,
              "duration": 8072,
              "state": "passed",
              "speed": "slow",
              "pass": true,
              "fail": false,
              "pending": false,
              "context": null,
              "code": "cy.visit('http://automationteststore.com/');\ncy.log('Alternative way using alias ------>>>>>');\ncy.get('.thumbnail').as('productThumbnail');\ncy.get('@productThumbnail').should('have.length', 16); // cy.get('@productThumbnail').find('.oneprice').each(($el, index, $list)=>{\n//     cy.log($el.text())\n// })\ncy.get('.thumbnail').find('.oneprice').invoke('text').as('itemPrice');\ncy.get('.thumbnail').find('.pricenew').invoke('text').as('saleItemPrice');\nvar itemTotal = 0;\ncy.get('@itemPrice').then($linkText => {\n  var itemPriceTotal = 0;\n  var itemPrice = $linkText.split('$');\n  var i;\n  for (i = 0; i < itemPrice.length; i++) {\n    cy.log(itemPrice[i]);\n    itemPriceTotal += Number(itemPrice[i]);\n  }\n  cy.log('Total for non sale price items :: ' + itemPriceTotal);\n  itemTotal += itemPriceTotal;\n  cy.log(itemTotal);\n});\ncy.get('@saleItemPrice').then($linkText => {\n  var saleItemPriceTotal = 0;\n  var itemPrice = $linkText.split('$');\n  var i;\n  for (i = 0; i < itemPrice.length; i++) {\n    cy.log(itemPrice[i]);\n    saleItemPriceTotal += Number(itemPrice[i]);\n  }\n  cy.log('Total for sale price items :: ' + saleItemPriceTotal);\n  itemTotal += saleItemPriceTotal;\n  cy.log(itemTotal);\n}).then(() => {\n  cy.log('Total price : ' + itemTotal);\n  expect(itemTotal).to.equal(663.1);\n});",
              "err": {},
              "uuid": "20f2aafe-d557-4445-b2ee-bd886b83e50b",
              "parentUUID": "03a410d0-2273-4572-85d4-d798206638cc",
              "isHook": false,
              "skipped": false
            }
          ],
          "suites": [],
          "passes": [
            "20f2aafe-d557-4445-b2ee-bd886b83e50b"
          ],
          "failures": [],
          "pending": [],
          "skipped": [],
          "duration": 8072,
          "root": false,
          "rootEmpty": false,
          "_timeout": 2000
        }
      ],
      "passes": [],
      "failures": [],
      "pending": [],
      "skipped": [],
      "duration": 0,
      "root": true,
      "rootEmpty": true,
      "_timeout": 2000
    },
    {
      "uuid": "8399f355-c463-4649-9957-18d520266938",
      "title": "",
      "fullFile": "cypress/integration/automationTeststore/contact-us.js",
      "file": "cypress/integration/automationTeststore/contact-us.js",
      "beforeHooks": [],
      "afterHooks": [],
      "tests": [],
      "suites": [
        {
          "uuid": "2ede37cf-890e-4890-9c37-abd2b60087c4",
          "title": "Test contact us form in Automation Test Store",
          "fullFile": "",
          "file": "",
          "beforeHooks": [],
          "afterHooks": [],
          "tests": [
            {
              "title": "Should be able to fill and submit the form",
              "fullTitle": "Test contact us form in Automation Test Store Should be able to fill and submit the form",
              "timedOut": null,
              "duration": 11268,
              "state": "passed",
              "speed": "slow",
              "pass": true,
              "fail": false,
              "pending": false,
              "context": null,
              "code": "cy.visit('http://automationteststore.com/'); //cy.get('a[href=\"https://automationteststore.com/index.php?rt=content/contact\"]').click()\ncy.get('a[href$=\"contact\"]').click().then(function (itemText) {\n  console.log('Text to click on contact us link is ' + itemText.text());\n  cy.log('Link text is ' + itemText.text());\n}); //This opens the link in another page. Cypress does not allow it \n// Check: https://docs.cypress.io/guides/references/trade-offs#Inside-the-browser\n// Check : https://docs.cypress.io/guides/references/error-messages\n// In order to continue, add this to cypress.json :     \"chromeWebSecurity\": false\ncy.get('#ContactUsFrm_first_name').type('Joe');\ncy.get('#ContactUsFrm_email').type('abcd@email.com');\ncy.get('#ContactUsFrm_email').should('have.attr', 'name', 'email'); //using cypress xpath plugin below:  https://github.com/cypress-io/cypress-xpath\ncy.xpath(\"//*[@id='ContactUsFrm_enquiry']\").type('I have enquiry related to bulk order'); //cy.get('#ContactUsFrm_enquiry').type('I have enquiry related to bulk order')\ncy.get('button[title=\"Submit\"]').click();\ncy.url().should('include', '/success');\ncy.get('div.contentpanel section').should('include.text', 'Your enquiry has been successfully sent to the store owner!');\ncy.log('Test has completed ... ');\nconsole.log('Test has completed');",
              "err": {},
              "uuid": "4fc88953-e9aa-4aee-87c7-7ea2cb941f95",
              "parentUUID": "2ede37cf-890e-4890-9c37-abd2b60087c4",
              "isHook": false,
              "skipped": false
            },
            {
              "title": "Should not be able to submit if all fields are not completed -- Using Fixtures",
              "fullTitle": "Test contact us form in Automation Test Store Should not be able to submit if all fields are not completed -- Using Fixtures",
              "timedOut": null,
              "duration": 10431,
              "state": "passed",
              "speed": "slow",
              "pass": true,
              "fail": false,
              "pending": false,
              "context": null,
              "code": "cy.visit('http://automationteststore.com/');\ncy.get('a[href$=\"contact\"]').click().then(function (itemText) {\n  console.log('Text to click on contact us link is ' + itemText.text());\n  cy.log('Link text is ' + itemText.text());\n});\ncy.get(\"@user\").then(user => {\n  cy.get('#ContactUsFrm_first_name').type(user.first_name);\n  cy.get('#ContactUsFrm_email').type(user.email);\n});\ncy.get('#ContactUsFrm_email').should('have.attr', 'name', 'email'); //using cypress xpath plugin below:  https://github.com/cypress-io/cypress-xpath\ncy.xpath(\"//*[@id='ContactUsFrm_enquiry']\").type('I have enquiry related to bulk order'); //cy.get('#ContactUsFrm_enquiry').type('I have enquiry related to bulk order')\ncy.get('button[title=\"Submit\"]').click();\ncy.url().should('include', '/success');\ncy.get('div.contentpanel section').should('include.text', 'Your enquiry has been successfully sent to the store owner!');\ncy.log('Test has completed ... ');\nconsole.log('Test has completed');",
              "err": {},
              "uuid": "c977b2b8-c871-4384-821e-694a1dc20475",
              "parentUUID": "2ede37cf-890e-4890-9c37-abd2b60087c4",
              "isHook": false,
              "skipped": false
            }
          ],
          "suites": [],
          "passes": [
            "4fc88953-e9aa-4aee-87c7-7ea2cb941f95",
            "c977b2b8-c871-4384-821e-694a1dc20475"
          ],
          "failures": [],
          "pending": [],
          "skipped": [],
          "duration": 21699,
          "root": false,
          "rootEmpty": false,
          "_timeout": 2000
        }
      ],
      "passes": [],
      "failures": [],
      "pending": [],
      "skipped": [],
      "duration": 0,
      "root": true,
      "rootEmpty": true,
      "_timeout": 2000
    },
    {
      "uuid": "5284693d-a6cf-4951-a0e7-5e044e3e899a",
      "title": "",
      "fullFile": "cypress/integration/automationTeststore/inspect-item.js",
      "file": "cypress/integration/automationTeststore/inspect-item.js",
      "beforeHooks": [],
      "afterHooks": [],
      "tests": [],
      "suites": [
        {
          "uuid": "ee9078dd-0707-4d65-a94d-2536f36eac0b",
          "title": "Inspect automation test store items using chain of commands",
          "fullFile": "",
          "file": "",
          "beforeHooks": [],
          "afterHooks": [],
          "tests": [
            {
              "title": "Clicks on the first item using item header",
              "fullTitle": "Inspect automation test store items using chain of commands Clicks on the first item using item header",
              "timedOut": null,
              "duration": 8630,
              "state": "passed",
              "speed": "slow",
              "pass": true,
              "fail": false,
              "pending": false,
              "context": null,
              "code": "cy.visit('http://automationteststore.com/');\ncy.get('#block_frame_featured_1769 > .thumbnails > :nth-child(1) > .fixed_wrapper > .fixed > .prdocutname').click();",
              "err": {},
              "uuid": "4365e441-747f-470b-b7fb-2a213c257bef",
              "parentUUID": "ee9078dd-0707-4d65-a94d-2536f36eac0b",
              "isHook": false,
              "skipped": false
            },
            {
              "title": "Clicks on the first item using item text",
              "fullTitle": "Inspect automation test store items using chain of commands Clicks on the first item using item text",
              "timedOut": null,
              "duration": 7863,
              "state": "passed",
              "speed": "slow",
              "pass": true,
              "fail": false,
              "pending": false,
              "context": null,
              "code": "cy.visit('http://automationteststore.com/'); //locate common class and use contains\nconsole.log('locate common class and use contains');\ncy.get('.prdocutname').contains('Skinsheen Bronzer Stick').click().then(function (itemText) {\n  console.log('selected the following item ' + itemText.text());\n});",
              "err": {},
              "uuid": "0e6c12a0-8702-4c7d-8469-294a55f397b2",
              "parentUUID": "ee9078dd-0707-4d65-a94d-2536f36eac0b",
              "isHook": false,
              "skipped": false
            },
            {
              "title": "Clicks on the first item using index",
              "fullTitle": "Inspect automation test store items using chain of commands Clicks on the first item using index",
              "timedOut": null,
              "duration": 8487,
              "state": "passed",
              "speed": "slow",
              "pass": true,
              "fail": false,
              "pending": false,
              "context": null,
              "code": "cy.visit('http://automationteststore.com/'); //locate common class and use contains\ncy.get('.fixed_wrapper').find('.prdocutname').eq(0).click();",
              "err": {},
              "uuid": "df0bcea8-7d2b-432b-8c17-d515282d58b0",
              "parentUUID": "ee9078dd-0707-4d65-a94d-2536f36eac0b",
              "isHook": false,
              "skipped": false
            }
          ],
          "suites": [],
          "passes": [
            "4365e441-747f-470b-b7fb-2a213c257bef",
            "0e6c12a0-8702-4c7d-8469-294a55f397b2",
            "df0bcea8-7d2b-432b-8c17-d515282d58b0"
          ],
          "failures": [],
          "pending": [],
          "skipped": [],
          "duration": 24980,
          "root": false,
          "rootEmpty": false,
          "_timeout": 2000
        }
      ],
      "passes": [],
      "failures": [],
      "pending": [],
      "skipped": [],
      "duration": 0,
      "root": true,
      "rootEmpty": true,
      "_timeout": 2000
    },
    {
      "uuid": "42f1a85a-36fd-4345-9b9b-861b8482ee86",
      "title": "",
      "fullFile": "cypress/integration/automationTeststore/iterate-over-element-optimize.js",
      "file": "cypress/integration/automationTeststore/iterate-over-element-optimize.js",
      "beforeHooks": [],
      "afterHooks": [],
      "tests": [],
      "suites": [
        {
          "uuid": "479b3cd8-cc60-43d2-be91-04af4748edde",
          "title": "Iterate over elements",
          "fullFile": "",
          "file": "",
          "beforeHooks": [],
          "afterHooks": [],
          "tests": [
            {
              "title": "Log information of all hair care products",
              "fullTitle": "Iterate over elements Log information of all hair care products",
              "timedOut": null,
              "duration": 10972,
              "state": "passed",
              "speed": "slow",
              "pass": true,
              "fail": false,
              "pending": false,
              "context": null,
              "code": "cy.get(\".fixed_wrapper .prdocutname\").each(($el, index, $list) => {\n  cy.log(\"Index : \" + index + \" : \" + $el.text());\n});",
              "err": {},
              "uuid": "e541d503-22c7-447e-b7e6-6ba43a44a3d6",
              "parentUUID": "479b3cd8-cc60-43d2-be91-04af4748edde",
              "isHook": false,
              "skipped": false
            },
            {
              "title": "Add specific product to basket - Using custom commands",
              "fullTitle": "Iterate over elements Add specific product to basket - Using custom commands",
              "timedOut": null,
              "duration": 8559,
              "state": "passed",
              "speed": "slow",
              "pass": true,
              "fail": false,
              "pending": false,
              "context": null,
              "code": "cy.selectProduct('Curls to straight Shampoo');",
              "err": {},
              "uuid": "54b15ce3-5a03-4796-82c1-6ad6c42a0de3",
              "parentUUID": "479b3cd8-cc60-43d2-be91-04af4748edde",
              "isHook": false,
              "skipped": false
            },
            {
              "title": "Add another specific product to basket - Using custom commands",
              "fullTitle": "Iterate over elements Add another specific product to basket - Using custom commands",
              "timedOut": null,
              "duration": 8040,
              "state": "passed",
              "speed": "slow",
              "pass": true,
              "fail": false,
              "pending": false,
              "context": null,
              "code": "cy.selectProduct('Seaweed Conditioner');",
              "err": {},
              "uuid": "d526cdaa-8abd-44d4-95a9-2dcbea8d483d",
              "parentUUID": "479b3cd8-cc60-43d2-be91-04af4748edde",
              "isHook": false,
              "skipped": false
            },
            {
              "title": "Add 3rd specific product to basket - Using custom commands",
              "fullTitle": "Iterate over elements Add 3rd specific product to basket - Using custom commands",
              "timedOut": null,
              "duration": 10995,
              "state": "passed",
              "speed": "slow",
              "pass": true,
              "fail": false,
              "pending": false,
              "context": null,
              "code": "cy.selectProduct('Eau Parfumee au The Vert Shampoo');",
              "err": {},
              "uuid": "c2d65425-4dbc-4710-a188-d2385b981852",
              "parentUUID": "479b3cd8-cc60-43d2-be91-04af4748edde",
              "isHook": false,
              "skipped": false
            }
          ],
          "suites": [],
          "passes": [
            "e541d503-22c7-447e-b7e6-6ba43a44a3d6",
            "54b15ce3-5a03-4796-82c1-6ad6c42a0de3",
            "d526cdaa-8abd-44d4-95a9-2dcbea8d483d",
            "c2d65425-4dbc-4710-a188-d2385b981852"
          ],
          "failures": [],
          "pending": [],
          "skipped": [],
          "duration": 38566,
          "root": false,
          "rootEmpty": false,
          "_timeout": 2000
        }
      ],
      "passes": [],
      "failures": [],
      "pending": [],
      "skipped": [],
      "duration": 0,
      "root": true,
      "rootEmpty": true,
      "_timeout": 2000
    },
    {
      "uuid": "fe441938-fe9f-4daf-8829-75b9416f6a74",
      "title": "",
      "fullFile": "cypress/integration/automationTeststore/iterate-over-elements.js",
      "file": "cypress/integration/automationTeststore/iterate-over-elements.js",
      "beforeHooks": [],
      "afterHooks": [],
      "tests": [],
      "suites": [
        {
          "uuid": "2e7cef23-4fcd-4a57-aa0e-5d9e7e4682bc",
          "title": "Iterate over elements",
          "fullFile": "",
          "file": "",
          "beforeHooks": [],
          "afterHooks": [],
          "tests": [
            {
              "title": "Log information of all hair care products",
              "fullTitle": "Iterate over elements Log information of all hair care products",
              "timedOut": null,
              "duration": 9373,
              "state": "passed",
              "speed": "slow",
              "pass": true,
              "fail": false,
              "pending": false,
              "context": null,
              "code": "cy.get('a[href*=\"product/category&path=\"]').contains(\"Hair Care\").click();\ncy.get(\".fixed_wrapper .prdocutname\").each(($el, index, $list) => {\n  cy.log(\"Index : \" + index + \" : \" + $el.text());\n});",
              "err": {},
              "uuid": "85bd7593-f169-4125-a275-a5ccfc8a8d72",
              "parentUUID": "2e7cef23-4fcd-4a57-aa0e-5d9e7e4682bc",
              "isHook": false,
              "skipped": false
            },
            {
              "title": "Add specific product to basket",
              "fullTitle": "Iterate over elements Add specific product to basket",
              "timedOut": null,
              "duration": 8484,
              "state": "passed",
              "speed": "slow",
              "pass": true,
              "fail": false,
              "pending": false,
              "context": null,
              "code": "cy.get('a[href*=\"product/category&path=\"]').contains(\"Hair Care\").click();\ncy.get(\".fixed_wrapper .prdocutname\").each(($el, index, $list) => {\n  // cy.log(\"Index : \" + index + \" : \" + $el.text())\n  if ($el.text().includes('Curls to straight Shampoo')) {\n    cy.wrap($el).click();\n  }\n});",
              "err": {},
              "uuid": "8bb67b58-27f3-44aa-8611-71e810c91703",
              "parentUUID": "2e7cef23-4fcd-4a57-aa0e-5d9e7e4682bc",
              "isHook": false,
              "skipped": false
            },
            {
              "title": "Validate a all products listed",
              "fullTitle": "Iterate over elements Validate a all products listed",
              "timedOut": null,
              "duration": 7796,
              "state": "passed",
              "speed": "slow",
              "pass": true,
              "fail": false,
              "pending": false,
              "context": null,
              "code": "cy.get('.thumbnails .prdocutname').each(($el, index, $list) => {\n  cy.log(\"Index : \" + index + \" : \" + $el.text());\n  cy.wrap($el).get('a.productcart').should('have.attr', 'title', 'Add to Cart');\n});\ncy.get('.thumbnails .prdocutname').should('have.length', 16);\ncy.log('Alternative way using alias ------>>>>>');\ncy.get('.thumbnail').as('productThumbnail');\ncy.get('@productThumbnail').should('have.length', 16);\ncy.get('@productThumbnail').find('.productcart').invoke('attr', 'title').should('include', 'Add to Cart');",
              "err": {},
              "uuid": "d6a849f9-327f-45ca-88be-70cdfb56ae3f",
              "parentUUID": "2e7cef23-4fcd-4a57-aa0e-5d9e7e4682bc",
              "isHook": false,
              "skipped": false
            },
            {
              "title": "Add specific product to basket - Using custom commands",
              "fullTitle": "Iterate over elements Add specific product to basket - Using custom commands",
              "timedOut": null,
              "duration": 9695,
              "state": "passed",
              "speed": "slow",
              "pass": true,
              "fail": false,
              "pending": false,
              "context": null,
              "code": "cy.get('a[href*=\"product/category&path=\"]').contains(\"Hair Care\").click(); //command is defined in support->command.js\ncy.selectProduct('Curls to straight Shampoo');",
              "err": {},
              "uuid": "d46f51aa-c8a9-40fe-ad9c-90f7c0f87a59",
              "parentUUID": "2e7cef23-4fcd-4a57-aa0e-5d9e7e4682bc",
              "isHook": false,
              "skipped": false
            },
            {
              "title": "Add another specific product to basket - Using custom commands",
              "fullTitle": "Iterate over elements Add another specific product to basket - Using custom commands",
              "timedOut": null,
              "duration": 8585,
              "state": "passed",
              "speed": "slow",
              "pass": true,
              "fail": false,
              "pending": false,
              "context": null,
              "code": "cy.get('a[href*=\"product/category&path=\"]').contains(\"Hair Care\").click(); //command is defined in support->command.js\ncy.selectProduct('Seaweed Conditioner');",
              "err": {},
              "uuid": "8e5b48f3-22c0-4870-bd33-f520d167faa5",
              "parentUUID": "2e7cef23-4fcd-4a57-aa0e-5d9e7e4682bc",
              "isHook": false,
              "skipped": false
            }
          ],
          "suites": [],
          "passes": [
            "85bd7593-f169-4125-a275-a5ccfc8a8d72",
            "8bb67b58-27f3-44aa-8611-71e810c91703",
            "d6a849f9-327f-45ca-88be-70cdfb56ae3f",
            "d46f51aa-c8a9-40fe-ad9c-90f7c0f87a59",
            "8e5b48f3-22c0-4870-bd33-f520d167faa5"
          ],
          "failures": [],
          "pending": [],
          "skipped": [],
          "duration": 43933,
          "root": false,
          "rootEmpty": false,
          "_timeout": 2000
        }
      ],
      "passes": [],
      "failures": [],
      "pending": [],
      "skipped": [],
      "duration": 0,
      "root": true,
      "rootEmpty": true,
      "_timeout": 2000
    },
    {
      "uuid": "e650a2ec-7bc2-4d69-9961-8d96e240643b",
      "title": "",
      "fullFile": "cypress/integration/automationTeststore/usingPOM/add-multiple-items-to-basket.js",
      "file": "cypress/integration/automationTeststore/usingPOM/add-multiple-items-to-basket.js",
      "beforeHooks": [],
      "afterHooks": [],
      "tests": [],
      "suites": [
        {
          "uuid": "79c563b4-9e2e-4042-9c26-287a3c250004",
          "title": "Inspect automation test store items using chain of commands",
          "fullFile": "",
          "file": "",
          "beforeHooks": [],
          "afterHooks": [],
          "tests": [
            {
              "title": "Add items to basket",
              "fullTitle": "Inspect automation test store items using chain of commands Add items to basket",
              "timedOut": null,
              "duration": 9112,
              "state": "passed",
              "speed": "slow",
              "pass": true,
              "fail": false,
              "pending": false,
              "context": null,
              "code": "autoStore_HairCare_PO.addHairCareProductsToBasket_withDebug();",
              "err": {},
              "uuid": "e7b9b9e0-4b8e-45b9-a6b8-874ea9eca50c",
              "parentUUID": "79c563b4-9e2e-4042-9c26-287a3c250004",
              "isHook": false,
              "skipped": false
            }
          ],
          "suites": [],
          "passes": [
            "e7b9b9e0-4b8e-45b9-a6b8-874ea9eca50c"
          ],
          "failures": [],
          "pending": [],
          "skipped": [],
          "duration": 9112,
          "root": false,
          "rootEmpty": false,
          "_timeout": 2000
        }
      ],
      "passes": [],
      "failures": [],
      "pending": [],
      "skipped": [],
      "duration": 0,
      "root": true,
      "rootEmpty": true,
      "_timeout": 2000
    },
    {
      "uuid": "4dc7781f-1f9c-48ac-9e7a-60e94a43e3b6",
      "title": "",
      "fullFile": "cypress/integration/automationTeststore/variables-and-cy-commands.js",
      "file": "cypress/integration/automationTeststore/variables-and-cy-commands.js",
      "beforeHooks": [],
      "afterHooks": [],
      "tests": [],
      "suites": [
        {
          "uuid": "6dca7885-a8c6-4593-a211-d85c87360e1a",
          "title": "Verifying variables, cypress commands and jquery commands",
          "fullFile": "",
          "file": "",
          "beforeHooks": [],
          "afterHooks": [],
          "tests": [
            {
              "title": "Validate properties of contact us page",
              "fullTitle": "Verifying variables, cypress commands and jquery commands Validate properties of contact us page",
              "timedOut": null,
              "duration": 5593,
              "state": "passed",
              "speed": "slow",
              "pass": true,
              "fail": false,
              "pending": false,
              "context": null,
              "code": "cy.visit('https://automationteststore.com/index.php?rt=content/contact'); //uses cypress command and chaining\ncy.contains('#ContactUsFrm', 'Contact Us Form');\ncy.contains('#ContactUsFrm', 'Contact Us Form').find('#field_11').should('contain', 'First name:'); //JQuery approach\n//with this approach we can execute more cypress commands in a controlled sequence\n//e.g. validation after making some action\ncy.contains('#ContactUsFrm', 'Contact Us Form').then(text => {\n  const firstNameText = text.find('#field_11').text();\n  expect(firstNameText).to.contain('First name:'); //Embedded command (Closure)\n  cy.get('#field_11').then(fnText => {\n    cy.log(fnText.text());\n    cy.log(fnText);\n  });\n});",
              "err": {},
              "uuid": "1ba63b48-fe3e-4610-b78e-1548f87db494",
              "parentUUID": "6dca7885-a8c6-4593-a211-d85c87360e1a",
              "isHook": false,
              "skipped": false
            }
          ],
          "suites": [],
          "passes": [
            "1ba63b48-fe3e-4610-b78e-1548f87db494"
          ],
          "failures": [],
          "pending": [],
          "skipped": [],
          "duration": 5593,
          "root": false,
          "rootEmpty": false,
          "_timeout": 2000
        }
      ],
      "passes": [],
      "failures": [],
      "pending": [],
      "skipped": [],
      "duration": 0,
      "root": true,
      "rootEmpty": true,
      "_timeout": 2000
    },
    {
      "uuid": "2712f653-15f6-4005-9a64-c9b0d6462c73",
      "title": "",
      "fullFile": "cypress/integration/other/hooks.js",
      "file": "cypress/integration/other/hooks.js",
      "beforeHooks": [],
      "afterHooks": [],
      "tests": [],
      "suites": [
        {
          "uuid": "e8cc3f1c-9c96-431d-9669-542bada9afeb",
          "title": "Hooks",
          "fullFile": "",
          "file": "",
          "beforeHooks": [],
          "afterHooks": [],
          "tests": [
            {
              "title": "Example test 1 ",
              "fullTitle": "Hooks Example test 1 ",
              "timedOut": null,
              "duration": 53,
              "state": "passed",
              "speed": "medium",
              "pass": true,
              "fail": false,
              "pending": false,
              "context": null,
              "code": "cy.log('Example test 1');",
              "err": {},
              "uuid": "5d5786e6-d1ee-43aa-85e5-7aa833920435",
              "parentUUID": "e8cc3f1c-9c96-431d-9669-542bada9afeb",
              "isHook": false,
              "skipped": false
            },
            {
              "title": "Example test 2 ",
              "fullTitle": "Hooks Example test 2 ",
              "timedOut": null,
              "duration": 19,
              "state": "passed",
              "speed": "fast",
              "pass": true,
              "fail": false,
              "pending": false,
              "context": null,
              "code": "cy.log('Example test 2');",
              "err": {},
              "uuid": "7d61a70c-8004-4771-a058-50521e7c112c",
              "parentUUID": "e8cc3f1c-9c96-431d-9669-542bada9afeb",
              "isHook": false,
              "skipped": false
            }
          ],
          "suites": [],
          "passes": [
            "5d5786e6-d1ee-43aa-85e5-7aa833920435",
            "7d61a70c-8004-4771-a058-50521e7c112c"
          ],
          "failures": [],
          "pending": [],
          "skipped": [],
          "duration": 72,
          "root": false,
          "rootEmpty": false,
          "_timeout": 2000
        }
      ],
      "passes": [],
      "failures": [],
      "pending": [],
      "skipped": [],
      "duration": 0,
      "root": true,
      "rootEmpty": true,
      "_timeout": 2000
    },
    {
      "uuid": "ab4f69c0-9c03-4508-adc0-e7cedaa0a59e",
      "title": "",
      "fullFile": "cypress/integration/other/same-origin-policy.js",
      "file": "cypress/integration/other/same-origin-policy.js",
      "beforeHooks": [],
      "afterHooks": [],
      "tests": [],
      "suites": [
        {
          "uuid": "471a9777-f318-45ff-9d3d-1521113cf0f5",
          "title": "Cypress Web security",
          "fullFile": "",
          "file": "",
          "beforeHooks": [],
          "afterHooks": [],
          "tests": [
            {
              "title": "Visit two different domains",
              "fullTitle": "Cypress Web security Visit two different domains",
              "timedOut": null,
              "duration": 2464,
              "state": "failed",
              "speed": null,
              "pass": false,
              "fail": true,
              "pending": false,
              "context": null,
              "code": "cy.visit('http://webdriveruniversity.com/'); //This will result in error when you try to visit another super domain\n//cy.visit() failed because you are attempting to visit a URL that is of a different origin.\ncy.visit('https://automationteststore.com/');",
              "err": {
                "message": "CypressError: `cy.visit()` failed because you are attempting to visit a URL that is of a different origin.\n\nThe new URL is considered a different origin because the following parts of the URL are different:\n\n  > protocol, superdomain\n\nYou may only `cy.visit()` same-origin URLs within a single test.\n\nThe previous URL you visited was:\n\n  > 'http://webdriveruniversity.com'\n\nYou're attempting to visit this URL:\n\n  > 'https://automationteststore.com'\n\nYou may need to restructure some of your test code to avoid this problem.\n\nhttps://on.cypress.io/cannot-visit-different-origin-domain",
                "estack": "CypressError: `cy.visit()` failed because you are attempting to visit a URL that is of a different origin.\n\nThe new URL is considered a different origin because the following parts of the URL are different:\n\n  > protocol, superdomain\n\nYou may only `cy.visit()` same-origin URLs within a single test.\n\nThe previous URL you visited was:\n\n  > 'http://webdriveruniversity.com'\n\nYou're attempting to visit this URL:\n\n  > 'https://automationteststore.com'\n\nYou may need to restructure some of your test code to avoid this problem.\n\nhttps://on.cypress.io/cannot-visit-different-origin-domain\n    at cannotVisitDifferentOrigin (http://webdriveruniversity.com/__cypress/runner/cypress_runner.js:137639:13)\n    at go (http://webdriveruniversity.com/__cypress/runner/cypress_runner.js:138425:18)\n    at visit (http://webdriveruniversity.com/__cypress/runner/cypress_runner.js:138613:16)\n    at Context.visit (http://webdriveruniversity.com/__cypress/runner/cypress_runner.js:138616:14)\nFrom Your Spec Code:\n    at Context.eval (http://webdriveruniversity.com/__cypress/tests?p=cypress\\integration\\other\\same-origin-policy.js:105:8)",
                "diff": null
              },
              "uuid": "41c4087a-5fed-4167-8a1e-7015a4fb136e",
              "parentUUID": "471a9777-f318-45ff-9d3d-1521113cf0f5",
              "isHook": false,
              "skipped": false
            },
            {
              "title": "Validate visiting two different domains via user action",
              "fullTitle": "Cypress Web security Validate visiting two different domains via user action",
              "timedOut": null,
              "duration": 6017,
              "state": "passed",
              "speed": "slow",
              "pass": true,
              "fail": false,
              "pending": false,
              "context": null,
              "code": "cy.visit('http://webdriveruniversity.com/'); //This will result in error when you try to visit another super domain\n//cy.visit() failed because you are attempting to visit a URL that is of a different origin.\n//This will work when we add below property to cypress.json\n// \"chromeWebSecurity\": false\ncy.get('#automation-test-store').invoke('removeAttr', 'target').click();",
              "err": {},
              "uuid": "3f2455c8-9fb3-45d5-bb7f-d672b940971b",
              "parentUUID": "471a9777-f318-45ff-9d3d-1521113cf0f5",
              "isHook": false,
              "skipped": false
            }
          ],
          "suites": [],
          "passes": [
            "3f2455c8-9fb3-45d5-bb7f-d672b940971b"
          ],
          "failures": [
            "41c4087a-5fed-4167-8a1e-7015a4fb136e"
          ],
          "pending": [],
          "skipped": [],
          "duration": 8481,
          "root": false,
          "rootEmpty": false,
          "_timeout": 2000
        }
      ],
      "passes": [],
      "failures": [],
      "pending": [],
      "skipped": [],
      "duration": 0,
      "root": true,
      "rootEmpty": true,
      "_timeout": 2000
    },
    {
      "uuid": "1c7f612d-f601-423b-a756-44971a6cfaae",
      "title": "",
      "fullFile": "cypress/integration/testScripts/demo1.js",
      "file": "cypress/integration/testScripts/demo1.js",
      "beforeHooks": [],
      "afterHooks": [],
      "tests": [],
      "suites": [
        {
          "uuid": "ca02563f-d115-4309-9257-6a79ae1225b7",
          "title": "My first test",
          "fullFile": "",
          "file": "",
          "beforeHooks": [],
          "afterHooks": [],
          "tests": [
            {
              "title": "Visits a site",
              "fullTitle": "My first test Visits a site",
              "timedOut": null,
              "duration": 4239,
              "state": "passed",
              "speed": "slow",
              "pass": true,
              "fail": false,
              "pending": false,
              "context": null,
              "code": "cy.visit('https://example.cypress.io'); //cy.screenshot()\ncy.contains('type').click(); //cy.contains('with')\ncy.url().should('include', '/commands/actions');",
              "err": {},
              "uuid": "d1bac8a8-3cae-467d-b204-babd8e05e24c",
              "parentUUID": "ca02563f-d115-4309-9257-6a79ae1225b7",
              "isHook": false,
              "skipped": false
            }
          ],
          "suites": [],
          "passes": [
            "d1bac8a8-3cae-467d-b204-babd8e05e24c"
          ],
          "failures": [],
          "pending": [],
          "skipped": [],
          "duration": 4239,
          "root": false,
          "rootEmpty": false,
          "_timeout": 2000
        }
      ],
      "passes": [],
      "failures": [],
      "pending": [],
      "skipped": [],
      "duration": 0,
      "root": true,
      "rootEmpty": true,
      "_timeout": 2000
    },
    {
      "uuid": "6e8001a8-1791-454d-b653-3ef580791830",
      "title": "",
      "fullFile": "cypress/integration/testScripts/demo2.js",
      "file": "cypress/integration/testScripts/demo2.js",
      "beforeHooks": [],
      "afterHooks": [],
      "tests": [],
      "suites": [
        {
          "uuid": "37384d4f-5a9a-4cb7-b52a-b987f4c4cfed",
          "title": "My Second Test",
          "fullFile": "",
          "file": "",
          "beforeHooks": [],
          "afterHooks": [],
          "tests": [
            {
              "title": "Gets, types and assers",
              "fullTitle": "My Second Test Gets, types and assers",
              "timedOut": null,
              "duration": 2431,
              "state": "passed",
              "speed": "slow",
              "pass": true,
              "fail": false,
              "pending": false,
              "context": null,
              "code": "cy.visit('https://example.cypress.io');\ncy.contains('type').click();\ncy.pause();\ncy.url().should('include', '/commands/actions');\ncy.get('.action-email').type('testemail@faker.com').should('have.value', 'testemail@faker.com');",
              "err": {},
              "uuid": "8cc11b93-a905-4c21-9907-5df9c1b8cb42",
              "parentUUID": "37384d4f-5a9a-4cb7-b52a-b987f4c4cfed",
              "isHook": false,
              "skipped": false
            }
          ],
          "suites": [],
          "passes": [
            "8cc11b93-a905-4c21-9907-5df9c1b8cb42"
          ],
          "failures": [],
          "pending": [],
          "skipped": [],
          "duration": 2431,
          "root": false,
          "rootEmpty": false,
          "_timeout": 2000
        }
      ],
      "passes": [],
      "failures": [],
      "pending": [],
      "skipped": [],
      "duration": 0,
      "root": true,
      "rootEmpty": true,
      "_timeout": 2000
    },
    {
      "uuid": "2715fb25-9c3a-41d1-a4e1-52cade414e59",
      "title": "",
      "fullFile": "cypress/integration/testScripts/demo3.js",
      "file": "cypress/integration/testScripts/demo3.js",
      "beforeHooks": [],
      "afterHooks": [],
      "tests": [],
      "suites": [
        {
          "uuid": "96e8c5e7-5684-423c-adc9-b1f6c2262020",
          "title": "Testing in Cypress App",
          "fullFile": "",
          "file": "",
          "beforeHooks": [],
          "afterHooks": [],
          "tests": [
            {
              "title": "loads the default page",
              "fullTitle": "Testing in Cypress App loads the default page",
              "timedOut": null,
              "duration": 1089,
              "state": "failed",
              "speed": null,
              "pass": false,
              "fail": true,
              "pending": false,
              "context": null,
              "code": "cy.visit('localhost:3000');\ncy.url().should('include', '/signin');",
              "err": {
                "message": "CypressError: `cy.visit()` failed trying to load:\n\nhttp://localhost:3000/\n\nWe attempted to make an http request to this URL but the request failed without a response.\n\nWe received this error at the network level:\n\n  > Error: connect ECONNREFUSED 127.0.0.1:3000\n\nCommon situations why this would fail:\n  - you don't have internet access\n  - you forgot to run / boot your web server\n  - your web server isn't accessible\n  - you have weird network configuration settings on your computer",
                "estack": "CypressError: `cy.visit()` failed trying to load:\n\nhttp://localhost:3000/\n\nWe attempted to make an http request to this URL but the request failed without a response.\n\nWe received this error at the network level:\n\n  > Error: connect ECONNREFUSED 127.0.0.1:3000\n\nCommon situations why this would fail:\n  - you don't have internet access\n  - you forgot to run / boot your web server\n  - your web server isn't accessible\n  - you have weird network configuration settings on your computer\n    at http://webdriveruniversity.com/__cypress/runner/cypress_runner.js:138581:23\n    at visitFailedByErr (http://webdriveruniversity.com/__cypress/runner/cypress_runner.js:137940:12)\n    at http://webdriveruniversity.com/__cypress/runner/cypress_runner.js:138580:11\n    at tryCatcher (http://webdriveruniversity.com/__cypress/runner/cypress_runner.js:10791:23)\n    at Promise._settlePromiseFromHandler (http://webdriveruniversity.com/__cypress/runner/cypress_runner.js:8726:31)\n    at Promise._settlePromise (http://webdriveruniversity.com/__cypress/runner/cypress_runner.js:8783:18)\n    at Promise._settlePromise0 (http://webdriveruniversity.com/__cypress/runner/cypress_runner.js:8828:10)\n    at Promise._settlePromises (http://webdriveruniversity.com/__cypress/runner/cypress_runner.js:8904:18)\n    at _drainQueueStep (http://webdriveruniversity.com/__cypress/runner/cypress_runner.js:5498:12)\n    at _drainQueue (http://webdriveruniversity.com/__cypress/runner/cypress_runner.js:5491:9)\n    at Async.../../node_modules/bluebird/js/release/async.js.Async._drainQueues (http://webdriveruniversity.com/__cypress/runner/cypress_runner.js:5507:5)\n    at Async.drainQueues (http://webdriveruniversity.com/__cypress/runner/cypress_runner.js:5377:14)\nFrom Your Spec Code:\n    at Context.eval (http://webdriveruniversity.com/__cypress/tests?p=cypress\\integration\\testScripts\\demo3.js:102:8)\n\nFrom Node.js Internals:\n  Error: connect ECONNREFUSED 127.0.0.1:3000\n      at TCPConnectWrap.afterConnect [as oncomplete] (net.js:1146:16)\n  ",
                "diff": null
              },
              "uuid": "b5009580-ece6-4733-aa0c-3107e72ee33f",
              "parentUUID": "96e8c5e7-5684-423c-adc9-b1f6c2262020",
              "isHook": false,
              "skipped": false
            },
            {
              "title": "does not display error",
              "fullTitle": "Testing in Cypress App does not display error",
              "timedOut": null,
              "duration": 28,
              "state": "passed",
              "speed": "fast",
              "pass": true,
              "fail": false,
              "pending": false,
              "context": null,
              "code": "cy.get('.Mui-error').should('not.exist');",
              "err": {},
              "uuid": "df39ba74-e28f-4484-a1ad-3acd138fa4c7",
              "parentUUID": "96e8c5e7-5684-423c-adc9-b1f6c2262020",
              "isHook": false,
              "skipped": false
            },
            {
              "title": "displays error when username not entered and clicked anywhere",
              "fullTitle": "Testing in Cypress App displays error when username not entered and clicked anywhere",
              "timedOut": null,
              "duration": 10432,
              "state": "failed",
              "speed": null,
              "pass": false,
              "fail": true,
              "pending": false,
              "context": null,
              "code": "cy.get('input[id=password]').click();",
              "err": {
                "message": "AssertionError: Timed out retrying after 10000ms: Expected to find element: `input[id=password]`, but never found it.",
                "estack": "AssertionError: Timed out retrying after 10000ms: Expected to find element: `input[id=password]`, but never found it.\n    at Context.eval (http://webdriveruniversity.com/__cypress/tests?p=cypress\\integration\\testScripts\\demo3.js:109:8)",
                "diff": null
              },
              "uuid": "7b295713-a565-4d0b-8ebd-3d3cfce83cf7",
              "parentUUID": "96e8c5e7-5684-423c-adc9-b1f6c2262020",
              "isHook": false,
              "skipped": false
            },
            {
              "title": "displays error",
              "fullTitle": "Testing in Cypress App displays error",
              "timedOut": null,
              "duration": 10468,
              "state": "failed",
              "speed": null,
              "pass": false,
              "fail": true,
              "pending": false,
              "context": null,
              "code": "cy.get('.Mui-error').contains('Username is required');",
              "err": {
                "message": "AssertionError: Timed out retrying after 10000ms: Expected to find element: `.Mui-error`, but never found it.",
                "estack": "AssertionError: Timed out retrying after 10000ms: Expected to find element: `.Mui-error`, but never found it.\n    at Context.eval (http://webdriveruniversity.com/__cypress/tests?p=cypress\\integration\\testScripts\\demo3.js:112:8)",
                "diff": null
              },
              "uuid": "e7bbde81-97d7-404b-a98c-d0e6354d07c0",
              "parentUUID": "96e8c5e7-5684-423c-adc9-b1f6c2262020",
              "isHook": false,
              "skipped": false
            },
            {
              "title": "button is disabled",
              "fullTitle": "Testing in Cypress App button is disabled",
              "timedOut": null,
              "duration": 10480,
              "state": "failed",
              "speed": null,
              "pass": false,
              "fail": true,
              "pending": false,
              "context": null,
              "code": "cy.get('.makeStyles-submit-5').should('be.disabled');",
              "err": {
                "message": "AssertionError: Timed out retrying after 10000ms: Expected to find element: `.makeStyles-submit-5`, but never found it.",
                "estack": "AssertionError: Timed out retrying after 10000ms: Expected to find element: `.makeStyles-submit-5`, but never found it.\n    at Context.eval (http://webdriveruniversity.com/__cypress/tests?p=cypress\\integration\\testScripts\\demo3.js:115:36)",
                "diff": null
              },
              "uuid": "d51f3a95-36c9-43fb-9fad-faca62ebdc1b",
              "parentUUID": "96e8c5e7-5684-423c-adc9-b1f6c2262020",
              "isHook": false,
              "skipped": false
            },
            {
              "title": "Enters email address and password, sign in button is enabled",
              "fullTitle": "Testing in Cypress App Enters email address and password, sign in button is enabled",
              "timedOut": null,
              "duration": 10532,
              "state": "failed",
              "speed": null,
              "pass": false,
              "fail": true,
              "pending": false,
              "context": null,
              "code": "cy.get('input[id=username]').type('testemail@faker.com');\ncy.get('input[id=password]').type('abcd1234');\ncy.get('.makeStyles-submit-5').should('be.enabled');",
              "err": {
                "message": "AssertionError: Timed out retrying after 10000ms: Expected to find element: `input[id=username]`, but never found it.",
                "estack": "AssertionError: Timed out retrying after 10000ms: Expected to find element: `input[id=username]`, but never found it.\n    at Context.eval (http://webdriveruniversity.com/__cypress/tests?p=cypress\\integration\\testScripts\\demo3.js:118:8)",
                "diff": null
              },
              "uuid": "2343af9d-785a-41ac-a019-36ddf78cb1e0",
              "parentUUID": "96e8c5e7-5684-423c-adc9-b1f6c2262020",
              "isHook": false,
              "skipped": false
            },
            {
              "title": "display error on clicking on sign in",
              "fullTitle": "Testing in Cypress App display error on clicking on sign in",
              "timedOut": null,
              "duration": 10599,
              "state": "failed",
              "speed": null,
              "pass": false,
              "fail": true,
              "pending": false,
              "context": null,
              "code": "cy.get('.makeStyles-submit-5').click();\ncy.get('.MuiAlert-message').contains('Username or password is invalid');",
              "err": {
                "message": "AssertionError: Timed out retrying after 10000ms: Expected to find element: `.makeStyles-submit-5`, but never found it.",
                "estack": "AssertionError: Timed out retrying after 10000ms: Expected to find element: `.makeStyles-submit-5`, but never found it.\n    at Context.eval (http://webdriveruniversity.com/__cypress/tests?p=cypress\\integration\\testScripts\\demo3.js:123:8)",
                "diff": null
              },
              "uuid": "8a1f31f9-8657-4a60-8040-6f139d2f0381",
              "parentUUID": "96e8c5e7-5684-423c-adc9-b1f6c2262020",
              "isHook": false,
              "skipped": false
            }
          ],
          "suites": [],
          "passes": [
            "df39ba74-e28f-4484-a1ad-3acd138fa4c7"
          ],
          "failures": [
            "b5009580-ece6-4733-aa0c-3107e72ee33f",
            "7b295713-a565-4d0b-8ebd-3d3cfce83cf7",
            "e7bbde81-97d7-404b-a98c-d0e6354d07c0",
            "d51f3a95-36c9-43fb-9fad-faca62ebdc1b",
            "2343af9d-785a-41ac-a019-36ddf78cb1e0",
            "8a1f31f9-8657-4a60-8040-6f139d2f0381"
          ],
          "pending": [],
          "skipped": [],
          "duration": 53628,
          "root": false,
          "rootEmpty": false,
          "_timeout": 2000
        },
        {
          "uuid": "9e9e6879-7453-4d81-9aea-ff0d99f35a7f",
          "title": "Create new account",
          "fullFile": "",
          "file": "",
          "beforeHooks": [],
          "afterHooks": [],
          "tests": [
            {
              "title": "click on signup link",
              "fullTitle": "Create new account click on signup link",
              "timedOut": null,
              "duration": 10677,
              "state": "failed",
              "speed": null,
              "pass": false,
              "fail": true,
              "pending": false,
              "context": null,
              "code": "cy.get('a[href*=signup]').click();\ncy.url().should('include', '/signup');\ncy.get('h1[data-test=\"signup-title\"').contains('Sign Up'); //cy.get('div[data-test=\"signup-first-name\"] div input[name=firstName]')\n//  .type('John')",
              "err": {
                "message": "AssertionError: Timed out retrying after 10000ms: Expected to find element: `a[href*=signup]`, but never found it.",
                "estack": "AssertionError: Timed out retrying after 10000ms: Expected to find element: `a[href*=signup]`, but never found it.\n    at Context.eval (http://webdriveruniversity.com/__cypress/tests?p=cypress\\integration\\testScripts\\demo3.js:129:8)",
                "diff": null
              },
              "uuid": "b2bf423b-4e39-4b2e-b1d3-59b509e2b614",
              "parentUUID": "9e9e6879-7453-4d81-9aea-ff0d99f35a7f",
              "isHook": false,
              "skipped": false
            },
            {
              "title": "Enter all fields & submit",
              "fullTitle": "Create new account Enter all fields & submit",
              "timedOut": null,
              "duration": 10527,
              "state": "failed",
              "speed": null,
              "pass": false,
              "fail": true,
              "pending": false,
              "context": null,
              "code": "cy.get('input[name=\"firstName\"]').type('John');\ncy.get('input[id=lastName]').type('Mayer');\ncy.get('input[id=username]').type('JohnMayer');\ncy.get('input[id=password]').type('abcd1234');\ncy.get('input[id=confirmPassword]').type('abcd1234');\ncy.get('button[type=submit]').click();",
              "err": {
                "message": "AssertionError: Timed out retrying after 10000ms: Expected to find element: `input[name=\"firstName\"]`, but never found it.",
                "estack": "AssertionError: Timed out retrying after 10000ms: Expected to find element: `input[name=\"firstName\"]`, but never found it.\n    at Context.eval (http://webdriveruniversity.com/__cypress/tests?p=cypress\\integration\\testScripts\\demo3.js:135:8)",
                "diff": null
              },
              "uuid": "b04d8982-b83a-47db-85aa-48da7520c57b",
              "parentUUID": "9e9e6879-7453-4d81-9aea-ff0d99f35a7f",
              "isHook": false,
              "skipped": false
            }
          ],
          "suites": [],
          "passes": [],
          "failures": [
            "b2bf423b-4e39-4b2e-b1d3-59b509e2b614",
            "b04d8982-b83a-47db-85aa-48da7520c57b"
          ],
          "pending": [],
          "skipped": [],
          "duration": 21204,
          "root": false,
          "rootEmpty": false,
          "_timeout": 2000
        }
      ],
      "passes": [],
      "failures": [],
      "pending": [],
      "skipped": [],
      "duration": 0,
      "root": true,
      "rootEmpty": true,
      "_timeout": 2000
    },
    {
      "uuid": "f28bcd9a-3ce6-46ee-9888-c5e66628d2e9",
      "title": "",
      "fullFile": "cypress/integration/webdriveruniversity/autocomplete.js",
      "file": "cypress/integration/webdriveruniversity/autocomplete.js",
      "beforeHooks": [],
      "afterHooks": [],
      "tests": [],
      "suites": [
        {
          "uuid": "20d37d0a-f20f-4458-ba82-466443a117fb",
          "title": "Autocomplete lists",
          "fullFile": "",
          "file": "",
          "beforeHooks": [],
          "afterHooks": [],
          "tests": [
            {
              "title": "Enter text and check options",
              "fullTitle": "Autocomplete lists Enter text and check options",
              "timedOut": null,
              "duration": 16266,
              "state": "failed",
              "speed": null,
              "pass": false,
              "fail": true,
              "pending": false,
              "context": null,
              "code": "cy.visit('http://webdriveruniversity.com');\ncy.get('#autocomplete-textfield').invoke('removeAttr', 'target').click({\n  force: true\n});\ncy.get('#myInput').type('A');\ncy.get('#myInputautocomplete-list > *').each(($el, index, $list) => {\n  const prod = $el.text();\n  const productToSelect = 'Avacado';\n  if (prod === productToSelect) {\n    $el.click;\n    cy.get('#submit-button').click();\n    cy.url().should('include', productToSelect);\n  }\n});",
              "err": {
                "message": "AssertionError: Timed out retrying after 10000ms: expected 'http://webdriveruniversity.com/Autocomplete-TextField/autocomplete-textfield.html?food-item=A' to include 'Avacado'",
                "estack": "AssertionError: Timed out retrying after 10000ms: expected 'http://webdriveruniversity.com/Autocomplete-TextField/autocomplete-textfield.html?food-item=A' to include 'Avacado'\n    at Context.eval (http://webdriveruniversity.com/__cypress/tests?p=cypress\\integration\\webdriveruniversity\\autocomplete.js:114:18)",
                "diff": null
              },
              "uuid": "cb2ee27d-68cb-40ed-af50-42b35a88b927",
              "parentUUID": "20d37d0a-f20f-4458-ba82-466443a117fb",
              "isHook": false,
              "skipped": false
            },
            {
              "title": "Select specific product via autocomplete list",
              "fullTitle": "Autocomplete lists Select specific product via autocomplete list",
              "timedOut": null,
              "duration": 3372,
              "state": "passed",
              "speed": "slow",
              "pass": true,
              "fail": false,
              "pending": false,
              "context": null,
              "code": "cy.visit(\"http://www.webdriveruniversity.com\");\ncy.get('#autocomplete-textfield').invoke('removeAttr', 'target').click({\n  force: true\n});\ncy.get('#myInput').type('A');\ncy.get('#myInputautocomplete-list > *').each(($el, index, $list) => {\n  const prod = $el.text();\n  const productToSelect = 'Avacado';\n  if (prod === productToSelect) {\n    $el.click();\n    cy.get('#submit-button').click();\n    cy.url().should('include', productToSelect);\n  }\n});",
              "err": {},
              "uuid": "cffa37fc-795c-414d-a193-8dec3b84cc49",
              "parentUUID": "20d37d0a-f20f-4458-ba82-466443a117fb",
              "isHook": false,
              "skipped": false
            }
          ],
          "suites": [],
          "passes": [
            "cffa37fc-795c-414d-a193-8dec3b84cc49"
          ],
          "failures": [
            "cb2ee27d-68cb-40ed-af50-42b35a88b927"
          ],
          "pending": [],
          "skipped": [],
          "duration": 19638,
          "root": false,
          "rootEmpty": false,
          "_timeout": 2000
        }
      ],
      "passes": [],
      "failures": [],
      "pending": [],
      "skipped": [],
      "duration": 0,
      "root": true,
      "rootEmpty": true,
      "_timeout": 2000
    },
    {
      "uuid": "6c988e79-76fa-4e38-ab58-8156649afac7",
      "title": "",
      "fullFile": "cypress/integration/webdriveruniversity/browser-navigation.js",
      "file": "cypress/integration/webdriveruniversity/browser-navigation.js",
      "beforeHooks": [],
      "afterHooks": [],
      "tests": [],
      "suites": [
        {
          "uuid": "75f5242b-fa9b-4b0a-a73f-58f2b977be1e",
          "title": "Validate webdriver University home page links",
          "fullFile": "",
          "file": "",
          "beforeHooks": [],
          "afterHooks": [],
          "tests": [
            {
              "title": "Confirm links redirect to correct pages",
              "fullTitle": "Validate webdriver University home page links Confirm links redirect to correct pages",
              "timedOut": null,
              "duration": 7429,
              "state": "passed",
              "speed": "slow",
              "pass": true,
              "fail": false,
              "pending": false,
              "context": null,
              "code": "cy.visit('http://webdriveruniversity.com');\ncy.get('#contact-us').invoke('removeAttr', 'target').click({\n  force: true\n});\ncy.url().should('include', 'contactus'); //to perform browser actions\ncy.go('back');\ncy.url().should('include', 'http://webdriveruniversity.com');\ncy.reload(); // reload with cache\n//cy.reload(true) //reload without using cache\ncy.go('forward');\ncy.url().should('include', 'contactus'); //login portal\ncy.go('back');\ncy.get('#login-portal').invoke('removeAttr', 'target').click({\n  force: true\n});\ncy.url().should('include', 'Login-Portal'); //click on to do list\ncy.go('back');\ncy.get('#to-do-list').invoke('removeAttr', 'target').click({\n  force: true\n});\ncy.url().should('include', 'To-Do-List');\ncy.go('back');",
              "err": {},
              "uuid": "2732769c-1c02-42bd-9c74-0bc6874efe1a",
              "parentUUID": "75f5242b-fa9b-4b0a-a73f-58f2b977be1e",
              "isHook": false,
              "skipped": false
            }
          ],
          "suites": [],
          "passes": [
            "2732769c-1c02-42bd-9c74-0bc6874efe1a"
          ],
          "failures": [],
          "pending": [],
          "skipped": [],
          "duration": 7429,
          "root": false,
          "rootEmpty": false,
          "_timeout": 2000
        }
      ],
      "passes": [],
      "failures": [],
      "pending": [],
      "skipped": [],
      "duration": 0,
      "root": true,
      "rootEmpty": true,
      "_timeout": 2000
    },
    {
      "uuid": "ff3a991f-0cd5-418b-b029-19b8c5e55851",
      "title": "",
      "fullFile": "cypress/integration/webdriveruniversity/contact-us optimize.js",
      "file": "cypress/integration/webdriveruniversity/contact-us optimize.js",
      "beforeHooks": [],
      "afterHooks": [],
      "tests": [],
      "suites": [
        {
          "uuid": "9e566ac9-68cb-4d3e-8e7b-7f6f8f2d2108",
          "title": "Test contact us form in webdriveruniversity",
          "fullFile": "",
          "file": "",
          "beforeHooks": [],
          "afterHooks": [],
          "tests": [
            {
              "title": "Should be able to fill and submit the form",
              "fullTitle": "Test contact us form in webdriveruniversity Should be able to fill and submit the form",
              "timedOut": null,
              "duration": 5653,
              "state": "passed",
              "speed": "slow",
              "pass": true,
              "fail": false,
              "pending": false,
              "context": null,
              "code": "//cy.visit('http://webdriveruniversity.com/Contact-Us/contactus.html')\n// cy.visit('http://webdriveruniversity.com')\ncy.get('#contact-us').invoke('removeAttr', 'target').click({\n  force: true\n}); //validate the document has charset as UTF-8\ncy.document().should('have.property', 'charset').and('eq', 'UTF-8'); //validate the title of the page\ncy.title().should('include', 'WebDriver | Contact Us');\ncy.url().should('include', 'contactus.html'); //Passing value from environment variable\ncy.webDriver_ContactFormSubmission(Cypress.env(\"first_name\"), data.last_name, data.email, data.comment, 'h1', data.successMessage);",
              "err": {},
              "uuid": "278e24d6-b386-4d78-be12-936b9bd80f59",
              "parentUUID": "9e566ac9-68cb-4d3e-8e7b-7f6f8f2d2108",
              "isHook": false,
              "skipped": false
            },
            {
              "title": "Should not be able to submit if all fields are not completed",
              "fullTitle": "Test contact us form in webdriveruniversity Should not be able to submit if all fields are not completed",
              "timedOut": null,
              "duration": 3041,
              "state": "passed",
              "speed": "slow",
              "pass": true,
              "fail": false,
              "pending": false,
              "context": null,
              "code": "//cy.visit('http://webdriveruniversity.com/Contact-Us/contactus.html')\n//cy.visit('http://webdriveruniversity.com')\ncy.get('#contact-us').invoke('removeAttr', 'target').click({\n  force: true\n});\ncy.webDriver_ContactFormSubmission(data.first_name, data.last_name, ' ', data.comment, 'body', data.failMessage1);",
              "err": {},
              "uuid": "ea4f6eb5-d42d-4a55-b871-b1f3129e09d0",
              "parentUUID": "9e566ac9-68cb-4d3e-8e7b-7f6f8f2d2108",
              "isHook": false,
              "skipped": false
            },
            {
              "title": "click on the contact us page and avoid opening new tab",
              "fullTitle": "Test contact us form in webdriveruniversity click on the contact us page and avoid opening new tab",
              "timedOut": null,
              "duration": 1794,
              "state": "passed",
              "speed": "slow",
              "pass": true,
              "fail": false,
              "pending": false,
              "context": null,
              "code": "//cy.visit('http://webdriveruniversity.com')\ncy.get('#contact-us').invoke('removeAttr', 'target').click({\n  force: true\n});",
              "err": {},
              "uuid": "d164e95b-63d4-4ace-ac18-fc7a67c883ee",
              "parentUUID": "9e566ac9-68cb-4d3e-8e7b-7f6f8f2d2108",
              "isHook": false,
              "skipped": false
            }
          ],
          "suites": [],
          "passes": [
            "278e24d6-b386-4d78-be12-936b9bd80f59",
            "ea4f6eb5-d42d-4a55-b871-b1f3129e09d0",
            "d164e95b-63d4-4ace-ac18-fc7a67c883ee"
          ],
          "failures": [],
          "pending": [],
          "skipped": [],
          "duration": 10488,
          "root": false,
          "rootEmpty": false,
          "_timeout": 2000
        }
      ],
      "passes": [],
      "failures": [],
      "pending": [],
      "skipped": [],
      "duration": 0,
      "root": true,
      "rootEmpty": true,
      "_timeout": 2000
    },
    {
      "uuid": "1080aaef-bafc-4b0a-8127-13f7c55727c0",
      "title": "",
      "fullFile": "cypress/integration/webdriveruniversity/contact-us.js",
      "file": "cypress/integration/webdriveruniversity/contact-us.js",
      "beforeHooks": [],
      "afterHooks": [],
      "tests": [],
      "suites": [
        {
          "uuid": "375eaee7-1435-4d2e-b192-1c1f0f5b993b",
          "title": "Test contact us form in webdriveruniversity",
          "fullFile": "",
          "file": "",
          "beforeHooks": [],
          "afterHooks": [],
          "tests": [
            {
              "title": "Should be able to fill and submit the form",
              "fullTitle": "Test contact us form in webdriveruniversity Should be able to fill and submit the form",
              "timedOut": null,
              "duration": 4601,
              "state": "passed",
              "speed": "slow",
              "pass": true,
              "fail": false,
              "pending": false,
              "context": null,
              "code": "//  cy.visit('http://webdriveruniversity.com/Contact-Us/contactus.html')\n//validate the document has charset as UTF-8\ncy.document().should('have.property', 'charset').and('eq', 'UTF-8'); //validate the title of the page\ncy.title().should('include', 'WebDriver | Contact Us');\ncy.url().should('include', 'contactus.html');\ncy.get('[name=\"first_name\"]').type(data.first_name);\ncy.get('[name=\"last_name\"]').type(data.last_name);\ncy.get('[name=\"email\"]').type(data.email);\ncy.get('textarea.feedback-input').type('here is my comment');\ncy.get('[type=\"submit\"]').click();\ncy.url().should('include', '/contact-form-thank-you.html'); //cy.visit('http://webdriveruniversity.com/Contact-Us/contact-form-thank-you.html')\ncy.get('h1').should('have.text', 'Thank You for your Message!');",
              "err": {},
              "uuid": "6de818c6-651f-4126-b705-6c16bef0242b",
              "parentUUID": "375eaee7-1435-4d2e-b192-1c1f0f5b993b",
              "isHook": false,
              "skipped": false
            },
            {
              "title": "Should not be able to submit if all fields are not completed",
              "fullTitle": "Test contact us form in webdriveruniversity Should not be able to submit if all fields are not completed",
              "timedOut": null,
              "duration": 1398,
              "state": "passed",
              "speed": "slow",
              "pass": true,
              "fail": false,
              "pending": false,
              "context": null,
              "code": "//cy.visit('http://webdriveruniversity.com/Contact-Us/contactus.html')\n//cy.visit('http://webdriveruniversity.com')\n//we will use JQuery to remove attribute which open the link in another tab\n//in this case target=\"_blank\" should be removed        \n//cy.get('#contact-us').invoke('removeAttr', 'target').click({force:true})\ncy.get('[name=\"first_name\"]').type(data.first_name);\ncy.get('[name=\"last_name\"]').type(data.last_name);\ncy.get('textarea.feedback-input').type('here is my comment');\ncy.get('[type=\"submit\"]').click();\ncy.url().should('include', '/contact_us.php');\ncy.get('body').contains('Error: all fields are required');\ncy.get('body').contains('Error: Invalid email address');",
              "err": {},
              "uuid": "256dd9b9-ce20-4046-bf58-8c7fd3590f05",
              "parentUUID": "375eaee7-1435-4d2e-b192-1c1f0f5b993b",
              "isHook": false,
              "skipped": false
            },
            {
              "title": "click on the contact us page and avoid opening new tab",
              "fullTitle": "Test contact us form in webdriveruniversity click on the contact us page and avoid opening new tab",
              "timedOut": null,
              "duration": 1604,
              "state": "passed",
              "speed": "slow",
              "pass": true,
              "fail": false,
              "pending": false,
              "context": null,
              "code": "cy.visit('http://webdriveruniversity.com');\ncy.get('#contact-us').invoke('removeAttr', 'target').click({\n  force: true\n});",
              "err": {},
              "uuid": "2bf27f2d-7c19-46ae-8413-d7150d312fd1",
              "parentUUID": "375eaee7-1435-4d2e-b192-1c1f0f5b993b",
              "isHook": false,
              "skipped": false
            }
          ],
          "suites": [],
          "passes": [
            "6de818c6-651f-4126-b705-6c16bef0242b",
            "256dd9b9-ce20-4046-bf58-8c7fd3590f05",
            "2bf27f2d-7c19-46ae-8413-d7150d312fd1"
          ],
          "failures": [],
          "pending": [],
          "skipped": [],
          "duration": 7603,
          "root": false,
          "rootEmpty": false,
          "_timeout": 2000
        }
      ],
      "passes": [],
      "failures": [],
      "pending": [],
      "skipped": [],
      "duration": 0,
      "root": true,
      "rootEmpty": true,
      "_timeout": 2000
    },
    {
      "uuid": "b0cb9046-c220-4c64-83a4-419b90b409e3",
      "title": "",
      "fullFile": "cypress/integration/webdriveruniversity/data-tables.js",
      "file": "cypress/integration/webdriveruniversity/data-tables.js",
      "beforeHooks": [],
      "afterHooks": [],
      "tests": [],
      "suites": [
        {
          "uuid": "e7daf1df-5ba9-45a4-994f-1c62c02c80d8",
          "title": "Handling data tables",
          "fullFile": "",
          "file": "",
          "beforeHooks": [],
          "afterHooks": [],
          "tests": [
            {
              "title": "Calculate & assert age of all users",
              "fullTitle": "Handling data tables Calculate & assert age of all users",
              "timedOut": null,
              "duration": 2283,
              "state": "passed",
              "speed": "slow",
              "pass": true,
              "fail": false,
              "pending": false,
              "context": null,
              "code": "var userDetail = [];\nlet numb = 0;\ncy.get('#thumbnail-1 td').each(($el, index, $list) => {\n  userDetail[index] = $el.text();\n}).then(() => {\n  var i;\n  for (i = 0; i < userDetail.length; i++) {\n    if (Number(userDetail[i])) {\n      numb += Number(userDetail[i]);\n    } //cy.log(userDetail[i])\n  }\n  cy.log('Total :: ' + numb);\n  expect(numb).to.eq(322);\n});",
              "err": {},
              "uuid": "5167cdf5-5f2f-485f-a859-d5f9671c9832",
              "parentUUID": "e7daf1df-5ba9-45a4-994f-1c62c02c80d8",
              "isHook": false,
              "skipped": false
            },
            {
              "title": "Select data based on user last name",
              "fullTitle": "Handling data tables Select data based on user last name",
              "timedOut": null,
              "duration": 885,
              "state": "passed",
              "speed": "slow",
              "pass": true,
              "fail": false,
              "pending": false,
              "context": null,
              "code": "cy.get('#thumbnail-1 tr td:nth-child(2)').each(($el, index, $list) => {\n  const text = $el.text();\n  if (text.includes('Woods')) {\n    cy.get('#thumbnail-1 tr td:nth-child(2)').eq(index).next().then(function (age) {\n      const userAge = age.text();\n      expect(userAge).to.equal(\"80\");\n    });\n  }\n});",
              "err": {},
              "uuid": "1b7cb72d-9de6-4de7-ac0d-feba875087ce",
              "parentUUID": "e7daf1df-5ba9-45a4-994f-1c62c02c80d8",
              "isHook": false,
              "skipped": false
            }
          ],
          "suites": [],
          "passes": [
            "5167cdf5-5f2f-485f-a859-d5f9671c9832",
            "1b7cb72d-9de6-4de7-ac0d-feba875087ce"
          ],
          "failures": [],
          "pending": [],
          "skipped": [],
          "duration": 3168,
          "root": false,
          "rootEmpty": false,
          "_timeout": 2000
        }
      ],
      "passes": [],
      "failures": [],
      "pending": [],
      "skipped": [],
      "duration": 0,
      "root": true,
      "rootEmpty": true,
      "_timeout": 2000
    },
    {
      "uuid": "ef2553e8-de94-4b19-96c9-47e6a13f9c71",
      "title": "",
      "fullFile": "cypress/integration/webdriveruniversity/date-picker.js",
      "file": "cypress/integration/webdriveruniversity/date-picker.js",
      "beforeHooks": [],
      "afterHooks": [],
      "tests": [],
      "suites": [
        {
          "uuid": "e14af1bc-8f7a-404c-9e29-5bc4700ff6ea",
          "title": "Handling data Pickers",
          "fullFile": "",
          "file": "",
          "beforeHooks": [],
          "afterHooks": [],
          "tests": [
            {
              "title": "Select Date from the data picker",
              "fullTitle": "Handling data Pickers Select Date from the data picker",
              "timedOut": null,
              "duration": 7923,
              "state": "passed",
              "speed": "slow",
              "pass": true,
              "fail": false,
              "pending": false,
              "context": null,
              "code": "// let date = new Date()\n// date.setDate(date.getDate()) //get current day\n// cy.log(date.getDate())\n// let date1 = new Date()\n// date1.setDate(date.getDate() + 5)\n// cy.log(date1.getDate()) // current date + 5\ncy.get('#datepicker').click();\nvar date = new Date();\ndate.setDate(date.getDate() + 360);\nvar futureYear = date.getFullYear();\nvar futureMonth = date.toLocaleString('default', {\n  month: 'long'\n});\nvar futureDay = date.getDate();\ncy.log('future year ' + futureYear);\ncy.log('future month ' + futureMonth);\ncy.log('future day ' + futureDay);\nfunction selectMonthYear() {\n  cy.get('.datepicker-dropdown').find('.datepicker-switch').first().then(curretDate => {\n    if (!curretDate.text().includes(futureYear)) {\n      cy.get('.next').first().click();\n      selectMonthYear();\n    }\n  }).then(() => {\n    cy.get('.datepicker-dropdown').find('.datepicker-switch').first().then(curretDate => {\n      if (!curretDate.text().includes(futureMonth)) {\n        cy.get('.next').first().click();\n        selectMonthYear();\n      }\n    });\n  });\n}\nfunction selectFutureDay() {\n  cy.get('[class=\"day\"]').contains(futureDay).click();\n}\nselectMonthYear();\nselectFutureDay();",
              "err": {},
              "uuid": "2bf3dcaf-8a8c-41ac-8a05-f83dbcb2f3d0",
              "parentUUID": "e14af1bc-8f7a-404c-9e29-5bc4700ff6ea",
              "isHook": false,
              "skipped": false
            }
          ],
          "suites": [],
          "passes": [
            "2bf3dcaf-8a8c-41ac-8a05-f83dbcb2f3d0"
          ],
          "failures": [],
          "pending": [],
          "skipped": [],
          "duration": 7923,
          "root": false,
          "rootEmpty": false,
          "_timeout": 2000
        }
      ],
      "passes": [],
      "failures": [],
      "pending": [],
      "skipped": [],
      "duration": 0,
      "root": true,
      "rootEmpty": true,
      "_timeout": 2000
    },
    {
      "uuid": "934c78c0-81e9-48d0-9bee-d8278639d147",
      "title": "",
      "fullFile": "cypress/integration/webdriveruniversity/dropdown-checkboxes-radiobuttons.js",
      "file": "cypress/integration/webdriveruniversity/dropdown-checkboxes-radiobuttons.js",
      "beforeHooks": [],
      "afterHooks": [],
      "tests": [],
      "suites": [
        {
          "uuid": "682057b0-3ce4-4cb6-9148-6189c603f5c7",
          "title": "Interacting with checkboxes",
          "fullFile": "",
          "file": "",
          "beforeHooks": [],
          "afterHooks": [],
          "tests": [
            {
              "title": "Handling checkboxes",
              "fullTitle": "Interacting with checkboxes Handling checkboxes",
              "timedOut": null,
              "duration": 1765,
              "state": "passed",
              "speed": "slow",
              "pass": true,
              "fail": false,
              "pending": false,
              "context": null,
              "code": "cy.get('#checkboxes > :nth-child(1) > input').check().should('be.checked');\ncy.get('#checkboxes > :nth-child(1) > input').as('option-1');\ncy.get('@option-1').check();\ncy.get('@option-1').check().should('be.checked');",
              "err": {},
              "uuid": "6b66bd5b-88c6-498c-8b1a-489aed9c80a6",
              "parentUUID": "682057b0-3ce4-4cb6-9148-6189c603f5c7",
              "isHook": false,
              "skipped": false
            },
            {
              "title": "Uncheck a checkbox",
              "fullTitle": "Interacting with checkboxes Uncheck a checkbox",
              "timedOut": null,
              "duration": 202,
              "state": "passed",
              "speed": "slow",
              "pass": true,
              "fail": false,
              "pending": false,
              "context": null,
              "code": "cy.get('#checkboxes > :nth-child(5) > input').should('be.checked');\ncy.get('#checkboxes > :nth-child(5) > input').uncheck().should('not.be.checked');\ncy.get('#checkboxes > :nth-child(5) > input').as('option-3');\ncy.get('@option-3').uncheck();\ncy.get('@option-3').uncheck().should('not.be.checked');",
              "err": {},
              "uuid": "80526c21-c593-4642-9e68-da0a448eb6fd",
              "parentUUID": "682057b0-3ce4-4cb6-9148-6189c603f5c7",
              "isHook": false,
              "skipped": false
            },
            {
              "title": "Selecting multiple checkboxes",
              "fullTitle": "Interacting with checkboxes Selecting multiple checkboxes",
              "timedOut": null,
              "duration": 384,
              "state": "passed",
              "speed": "slow",
              "pass": true,
              "fail": false,
              "pending": false,
              "context": null,
              "code": "cy.get('input[type=checkbox]').check(['option-1', 'option-2', 'option-3', 'option-4']).should('be.checked');",
              "err": {},
              "uuid": "f16e1c68-506c-4d76-8651-d240577ab817",
              "parentUUID": "682057b0-3ce4-4cb6-9148-6189c603f5c7",
              "isHook": false,
              "skipped": false
            },
            {
              "title": "Selecting Radio Button",
              "fullTitle": "Interacting with checkboxes Selecting Radio Button",
              "timedOut": null,
              "duration": 229,
              "state": "passed",
              "speed": "slow",
              "pass": true,
              "fail": false,
              "pending": false,
              "context": null,
              "code": "cy.get('#radio-buttons').find('[type=\"radio\"]').first().check(); //using first second etc\ncy.get('#radio-buttons').find('[type=\"radio\"]').eq(1).check(); //using indexes",
              "err": {},
              "uuid": "38e9bbf5-5278-4806-b44a-20aaa3b091ca",
              "parentUUID": "682057b0-3ce4-4cb6-9148-6189c603f5c7",
              "isHook": false,
              "skipped": false
            },
            {
              "title": "Validate state of specific Radio Button",
              "fullTitle": "Interacting with checkboxes Validate state of specific Radio Button",
              "timedOut": null,
              "duration": 204,
              "state": "passed",
              "speed": "slow",
              "pass": true,
              "fail": false,
              "pending": false,
              "context": null,
              "code": "cy.get('input[value=\"lettuce\"]').should('not.be.checked');\ncy.get('input[value=\"cabbage\"]').should('be.disabled');\ncy.get('input[value=\"pumpkin\"]').should('be.checked'); //check lettuce\ncy.get('input[value=\"lettuce\"]').check();\ncy.get('input[value=\"lettuce\"]').should('be.checked');\ncy.get('input[value=\"pumpkin\"]').should('not.be.checked');",
              "err": {},
              "uuid": "139c605a-29ff-4ff5-a742-ed4f7fab8d8b",
[...]
              "fullTitle": "Traversing DOM elements in Cypress children() to get the children of DOM elements",
              "timedOut": null,
              "duration": 1779,
              "state": "passed",
              "speed": "slow",
              "pass": true,
              "fail": false,
              "pending": false,
              "context": null,
              "code": "cy.get('.traversal-breadcrumb').children('.active').should('contain', 'Contact Us');",
              "err": {},
              "uuid": "8bbf594e-86b9-4962-a02f-782f37448436",
              "parentUUID": "e7130a3e-e4c2-490f-834c-9a5b6bfe634d",
              "isHook": false,
              "skipped": false
            },
            {
              "title": "closest() to validate the closest ancestor DOM element",
              "fullTitle": "Traversing DOM elements in Cypress closest() to validate the closest ancestor DOM element",
              "timedOut": null,
              "duration": 26,
              "state": "passed",
              "speed": "fast",
              "pass": true,
              "fail": false,
              "pending": false,
              "context": null,
              "code": "cy.get('.traversal-badge').closest('ul').should('have.class', 'list-group');",
              "err": {},
              "uuid": "8c96664b-7060-493f-8a75-5fb0e75c0781",
              "parentUUID": "e7130a3e-e4c2-490f-834c-9a5b6bfe634d",
              "isHook": false,
              "skipped": false
            },
            {
              "title": "eq() to retrieve a specific element based on index",
              "fullTitle": "Traversing DOM elements in Cypress eq() to retrieve a specific element based on index",
              "timedOut": null,
              "duration": 39,
              "state": "passed",
              "speed": "medium",
              "pass": true,
              "fail": false,
              "pending": false,
              "context": null,
              "code": "cy.get('.traversal-drinks-list > *').eq(2).should('have.text', 'Milk');",
              "err": {},
              "uuid": "aa20fff8-65cc-4439-9e27-7b36fdaa0e1a",
              "parentUUID": "e7130a3e-e4c2-490f-834c-9a5b6bfe634d",
              "isHook": false,
              "skipped": false
            },
            {
              "title": "filter() to retrieve DOM elements that match a specific selector",
              "fullTitle": "Traversing DOM elements in Cypress filter() to retrieve DOM elements that match a specific selector",
              "timedOut": null,
              "duration": 38,
              "state": "passed",
              "speed": "medium",
              "pass": true,
              "fail": false,
              "pending": false,
              "context": null,
              "code": "cy.get('.btn-group-toggle > *').filter('.active').should('contain', 'Button-1');",
              "err": {},
              "uuid": "e49e9173-5e27-4b79-934c-e208a0150ea2",
              "parentUUID": "e7130a3e-e4c2-490f-834c-9a5b6bfe634d",
              "isHook": false,
              "skipped": false
            },
            {
              "title": "find() to retrieve DOM elements of a given selector",
              "fullTitle": "Traversing DOM elements in Cypress find() to retrieve DOM elements of a given selector",
              "timedOut": null,
              "duration": 52,
              "state": "passed",
              "speed": "medium",
              "pass": true,
              "fail": false,
              "pending": false,
              "context": null,
              "code": "cy.get('.traversal-pagination').find('li').find('a').should('have.length', 7);",
              "err": {},
              "uuid": "ed27bad8-b8fb-46bc-ab46-2274ba6cc7b4",
              "parentUUID": "e7130a3e-e4c2-490f-834c-9a5b6bfe634d",
              "isHook": false,
              "skipped": false
            },
            {
              "title": "first() to retrieve the first DOM element within elements ",
              "fullTitle": "Traversing DOM elements in Cypress first() to retrieve the first DOM element within elements ",
              "timedOut": null,
              "duration": 35,
              "state": "passed",
              "speed": "fast",
              "pass": true,
              "fail": false,
              "pending": false,
              "context": null,
              "code": "cy.get('.traversal-table tbody tr td').first().should('contain', 'Andy');",
              "err": {},
              "uuid": "8627a3dc-424a-4f31-95d7-533f6ce4d6ff",
              "parentUUID": "e7130a3e-e4c2-490f-834c-9a5b6bfe634d",
              "isHook": false,
              "skipped": false
            },
            {
              "title": "last() to retrieve the last DOM element within elements",
              "fullTitle": "Traversing DOM elements in Cypress last() to retrieve the last DOM element within elements",
              "timedOut": null,
              "duration": 37,
              "state": "passed",
              "speed": "fast",
              "pass": true,
              "fail": false,
              "pending": false,
              "context": null,
              "code": "cy.get('.traversal-table tbody tr td').last().should('contain', 'Scott');",
              "err": {},
              "uuid": "8cc48b42-57af-4337-a1ba-42b0ee539959",
              "parentUUID": "e7130a3e-e4c2-490f-834c-9a5b6bfe634d",
              "isHook": false,
              "skipped": false
            },
            {
              "title": "nextAll() to get all of the next sibling DOM elements within elements",
              "fullTitle": "Traversing DOM elements in Cypress nextAll() to get all of the next sibling DOM elements within elements",
              "timedOut": null,
              "duration": 28,
              "state": "passed",
              "speed": "fast",
              "pass": true,
              "fail": false,
              "pending": false,
              "context": null,
              "code": "cy.get('.traversal-drinks-list').contains('Tea').nextAll().should('have.length', 3);",
              "err": {},
              "uuid": "a58bf96e-270a-42b5-84d6-f7e8cad18a49",
              "parentUUID": "e7130a3e-e4c2-490f-834c-9a5b6bfe634d",
              "isHook": false,
              "skipped": false
            },
            {
              "title": "nextUntil() to get all of the next sibling DOM elements within elements until another element",
              "fullTitle": "Traversing DOM elements in Cypress nextUntil() to get all of the next sibling DOM elements within elements until another element",
              "timedOut": null,
              "duration": 36,
              "state": "passed",
              "speed": "fast",
              "pass": true,
              "fail": false,
              "pending": false,
              "context": null,
              "code": "cy.get('#coffee').nextUntil('Sugar');\ncy.get('.traversal-drinks-list').contains('Tea').nextUntil('Sugar').should('have.length', 3);",
              "err": {},
              "uuid": "148e66b4-aec8-480e-9246-019653eabb39",
              "parentUUID": "e7130a3e-e4c2-490f-834c-9a5b6bfe634d",
              "isHook": false,
              "skipped": false
            },
            {
              "title": "not() to remove DOM element(s) from the set of elements",
              "fullTitle": "Traversing DOM elements in Cypress not() to remove DOM element(s) from the set of elements",
              "timedOut": null,
              "duration": 23,
              "state": "passed",
              "speed": "fast",
              "pass": true,
              "fail": false,
              "pending": false,
              "context": null,
              "code": "cy.get('.traversal-button-states').not('.disabled').should('not.have.class', 'disabled');",
              "err": {},
              "uuid": "d230703c-0c4e-45d7-ac94-7406878bf6cc",
              "parentUUID": "e7130a3e-e4c2-490f-834c-9a5b6bfe634d",
              "isHook": false,
              "skipped": false
            },
            {
              "title": "parent() To get parent DOM element of elements",
              "fullTitle": "Traversing DOM elements in Cypress parent() To get parent DOM element of elements",
              "timedOut": null,
              "duration": 26,
              "state": "passed",
              "speed": "fast",
              "pass": true,
              "fail": false,
              "pending": false,
              "context": null,
              "code": "cy.get('.traversal-mark').parent().should('contain', 'Lorem ipsum dolor sit amet');",
              "err": {},
              "uuid": "7e83a789-c0e8-44e3-a8d1-aff9720ae088",
              "parentUUID": "e7130a3e-e4c2-490f-834c-9a5b6bfe634d",
              "isHook": false,
              "skipped": false
            },
            {
              "title": "parents() to get parents DOM element of elements",
              "fullTitle": "Traversing DOM elements in Cypress parents() to get parents DOM element of elements",
              "timedOut": null,
              "duration": 27,
              "state": "passed",
              "speed": "fast",
              "pass": true,
              "fail": false,
              "pending": false,
              "context": null,
              "code": "cy.get('.traversal-cite').parents().should('match', 'blockquote');",
              "err": {},
              "uuid": "930e4e5a-05a0-46e9-9d96-410c420674c1",
              "parentUUID": "e7130a3e-e4c2-490f-834c-9a5b6bfe634d",
              "isHook": false,
              "skipped": false
            },
            {
              "title": "prev() to get the previous sibling DOM element within elements",
              "fullTitle": "Traversing DOM elements in Cypress prev() to get the previous sibling DOM element within elements",
              "timedOut": null,
              "duration": 20,
              "state": "passed",
              "speed": "fast",
              "pass": true,
              "fail": false,
              "pending": false,
              "context": null,
              "code": "cy.get('#sugar').prev().contains('Espresso');",
              "err": {},
              "uuid": "5419de42-987f-44d2-9c8b-fa69aa60f360",
              "parentUUID": "e7130a3e-e4c2-490f-834c-9a5b6bfe634d",
              "isHook": false,
              "skipped": false
            },
            {
              "title": "prevAll() to get all previous sibling DOM elements within elements",
              "fullTitle": "Traversing DOM elements in Cypress prevAll() to get all previous sibling DOM elements within elements",
              "timedOut": null,
              "duration": 23,
              "state": "passed",
              "speed": "fast",
              "pass": true,
              "fail": false,
              "pending": false,
              "context": null,
              "code": "cy.get('.sales').prevAll().should('have.length', 2);",
              "err": {},
              "uuid": "8d1c4d3f-2d7a-4f25-9db1-97d60e40bb1f",
              "parentUUID": "e7130a3e-e4c2-490f-834c-9a5b6bfe634d",
              "isHook": false,
              "skipped": false
            },
            {
              "title": "prevUntil() to get all previous sibling DOM elements within elements until other element",
              "fullTitle": "Traversing DOM elements in Cypress prevUntil() to get all previous sibling DOM elements within elements until other element",
              "timedOut": null,
              "duration": 25,
              "state": "passed",
              "speed": "fast",
              "pass": true,
              "fail": false,
              "pending": false,
              "context": null,
              "code": "cy.get('#veggie').prevUntil('#fruits').should('have.length', 5);",
              "err": {},
              "uuid": "0169eba2-dc86-441b-b877-f27397f653ef",
              "parentUUID": "e7130a3e-e4c2-490f-834c-9a5b6bfe634d",
              "isHook": false,
              "skipped": false
            },
            {
              "title": "siblings() To get all sibling DOM elements of elements",
              "fullTitle": "Traversing DOM elements in Cypress siblings() To get all sibling DOM elements of elements",
              "timedOut": null,
              "duration": 24,
              "state": "passed",
              "speed": "fast",
              "pass": true,
              "fail": false,
              "pending": false,
              "context": null,
              "code": "cy.get('.traversal-button-other-states .active').siblings().should('have.length', 3);",
              "err": {},
              "uuid": "fe9ffe87-b002-4439-a4ca-be627e074cd6",
              "parentUUID": "e7130a3e-e4c2-490f-834c-9a5b6bfe634d",
              "isHook": false,
              "skipped": false
            }
          ],
          "suites": [],
          "passes": [
            "8bbf594e-86b9-4962-a02f-782f37448436",
            "8c96664b-7060-493f-8a75-5fb0e75c0781",
            "aa20fff8-65cc-4439-9e27-7b36fdaa0e1a",
            "e49e9173-5e27-4b79-934c-e208a0150ea2",
            "ed27bad8-b8fb-46bc-ab46-2274ba6cc7b4",
            "8627a3dc-424a-4f31-95d7-533f6ce4d6ff",
            "8cc48b42-57af-4337-a1ba-42b0ee539959",
            "a58bf96e-270a-42b5-84d6-f7e8cad18a49",
            "148e66b4-aec8-480e-9246-019653eabb39",
            "d230703c-0c4e-45d7-ac94-7406878bf6cc",
            "7e83a789-c0e8-44e3-a8d1-aff9720ae088",
            "930e4e5a-05a0-46e9-9d96-410c420674c1",
            "5419de42-987f-44d2-9c8b-fa69aa60f360",
            "8d1c4d3f-2d7a-4f25-9db1-97d60e40bb1f",
            "0169eba2-dc86-441b-b877-f27397f653ef",
            "fe9ffe87-b002-4439-a4ca-be627e074cd6"
          ],
          "failures": [],
          "pending": [],
          "skipped": [],
          "duration": 2238,
          "root": false,
          "rootEmpty": false,
          "_timeout": 2000
        }
      ],
      "passes": [],
      "failures": [],
      "pending": [],
      "skipped": [],
      "duration": 0,
      "root": true,
      "rootEmpty": true,
      "_timeout": 2000
    },
    {
      "uuid": "7e998765-7395-4545-9cab-ea3a0280e722",
      "title": "",
      "fullFile": "cypress/integration/webdriveruniversity/usingPOM/contact-us.js",
      "file": "cypress/integration/webdriveruniversity/usingPOM/contact-us.js",
      "beforeHooks": [],
      "afterHooks": [],
      "tests": [],
      "suites": [
        {
          "uuid": "18bb33f1-81db-4baf-a4c4-2ce19722a485",
          "title": "Test contact us form in webdriveruniversity",
          "fullFile": "",
          "file": "",
          "beforeHooks": [],
          "afterHooks": [],
          "tests": [
            {
              "title": "Should be able to fill and submit the form",
              "fullTitle": "Test contact us form in webdriveruniversity Should be able to fill and submit the form",
              "timedOut": null,
              "duration": 10439,
              "state": "passed",
              "speed": "slow",
              "pass": true,
              "fail": false,
              "pending": false,
              "context": null,
              "code": "//validate the document has charset as UTF-8\ncy.document().should('have.property', 'charset').and('eq', 'UTF-8'); //validate the title of the page\ncy.title().should('include', 'WebDriver | Contact Us');\ncy.url().should('include', 'contactus.html'); //cy.webDriver_ContactFormSubmission(Cypress.env(\"first_name\"), data.last_name, data.email, data.comment, 'h1', data.successMessage)\n//cy.pause()\ncy.wait(3000);\ncontactus_PO.contactForm_Submission(Cypress.env(\"first_name\"), data.last_name, data.email, data.comment, 'h1', data.successMessage);",
              "err": {},
              "uuid": "7fa3ff63-b120-4316-80eb-3cbbb091be91",
              "parentUUID": "18bb33f1-81db-4baf-a4c4-2ce19722a485",
              "isHook": false,
              "skipped": false
            },
            {
              "title": "Should not be able to submit if all fields are not completed",
              "fullTitle": "Test contact us form in webdriveruniversity Should not be able to submit if all fields are not completed",
              "timedOut": null,
              "duration": 3661,
              "state": "passed",
              "speed": "slow",
              "pass": true,
              "fail": false,
              "pending": false,
              "context": null,
              "code": "contactus_PO.contactForm_Submission(data.first_name, data.last_name, ' ', data.comment, 'body', data.failMessage1);",
              "err": {},
              "uuid": "7d4a4d91-d77b-48b4-99ed-2a316638de5b",
              "parentUUID": "18bb33f1-81db-4baf-a4c4-2ce19722a485",
              "isHook": false,
              "skipped": false
            }
          ],
          "suites": [],
          "passes": [
            "7fa3ff63-b120-4316-80eb-3cbbb091be91",
            "7d4a4d91-d77b-48b4-99ed-2a316638de5b"
          ],
          "failures": [],
          "pending": [],
          "skipped": [],
          "duration": 14100,
          "root": false,
          "rootEmpty": false,
          "_timeout": 2000
        }
      ],
      "passes": [],
      "failures": [],
      "pending": [],
      "skipped": [],
      "duration": 0,
      "root": true,
      "rootEmpty": true,
      "_timeout": 2000
    },
    {
      "uuid": "b5a1e821-b0ce-4d12-94a9-6b050faa6616",
      "title": "",
      "fullFile": "cypress/integration/automationTeststore/add-multiple-items-to-basket.js",
      "file": "cypress/integration/automationTeststore/add-multiple-items-to-basket.js",
      "beforeHooks": [],
      "afterHooks": [],
      "tests": [],
      "suites": [
        {
          "uuid": "2d0acd14-0662-48a9-9934-c08fe2769064",
          "title": "Inspect automation test store items using chain of commands",
          "fullFile": "",
          "file": "",
          "beforeHooks": [],
          "afterHooks": [],
          "tests": [
            {
              "title": "Add items to basket",
              "fullTitle": "Inspect automation test store items using chain of commands Add items to basket",
              "timedOut": null,
              "duration": 12412,
              "state": "passed",
              "speed": "slow",
              "pass": true,
              "fail": false,
              "pending": false,
              "context": null,
              "code": "data.productName.forEach(function (element) {\n  cy.addToCart(element);\n});\ncy.get('.block_7 > .nav > .dropdown > .dropdown-toggle').click(); // cy.addToCart(data.productName)",
              "err": {},
              "uuid": "aeeeb652-89d3-4d63-93d7-3ef60cd47ca9",
              "parentUUID": "2d0acd14-0662-48a9-9934-c08fe2769064",
              "isHook": false,
              "skipped": false
            }
          ],
          "suites": [],
          "passes": [
            "aeeeb652-89d3-4d63-93d7-3ef60cd47ca9"
          ],
          "failures": [],
          "pending": [],
          "skipped": [],
          "duration": 12412,
          "root": false,
          "rootEmpty": false,
          "_timeout": 2000
        }
      ],
      "passes": [],
      "failures": [],
      "pending": [],
      "skipped": [],
      "duration": 0,
      "root": true,
      "rootEmpty": true,
      "_timeout": 2000
    }
  ],
  "meta": {
    "mocha": {
      "version": "7.0.1"
    },
    "mochawesome": {
      "options": {
        "quiet": true,
        "reportFilename": "mochawesome",
        "saveHtml": false,
        "saveJson": true,
        "consoleReporter": "spec",
        "useInlineDiffs": false,
        "code": true
      },
      "version": "6.2.2"
    },
    "marge": {
      "options": {
        "id": "default",
        "reportDir": "cypress/results/mochawesome",
        "quiet": true,
        "overwrite": false,
        "html": false,
        "json": true
      },
      "version": "5.2.0"
    }
  }
}